<?xml version="1.0" encoding="UTF-8"?>
<testng-results skipped="0" failed="0" ignored="0" total="1" passed="1">
  <reporter-output>
  </reporter-output>
  <suite name="Default suite" duration-ms="30799" started-at="2018-07-21T03:42:47Z" finished-at="2018-07-21T03:43:18Z">
    <groups>
    </groups>
    <test name="Default test" duration-ms="30799" started-at="2018-07-21T03:42:47Z" finished-at="2018-07-21T03:43:18Z">
      <class name="com.Testcases.LaunchBrowser">
        <test-method status="PASS" signature="launchBrowser()[pri:0, instance:com.Testcases.LaunchBrowser@475530b9]" name="launchBrowser" duration-ms="30686" started-at="2018-07-21T09:12:47Z" finished-at="2018-07-21T09:13:18Z">
          <reporter-output>
          </reporter-output>
        </test-method> <!-- launchBrowser -->
      </class> <!-- com.Testcases.LaunchBrowser -->
    </test> <!-- Default test -->
  </suite> <!-- Default suite -->
</testng-results>
